2021-11-03 18:44:59.360  INFO 3532 --- [main] com.su.daar.Daarprojet2Application       : Starting Daarprojet2Application using Java 17 on LAPTOP-LUGN17F7 with PID 3532 (C:\Users\elenp\daar2\DAAR2\target\classes started by elenp in C:\Users\elenp\daar2\DAAR2)
2021-11-03 18:44:59.365  INFO 3532 --- [main] com.su.daar.Daarprojet2Application       : The following profiles are active: dev
2021-11-03 18:45:00.113  INFO 3532 --- [main] .s.d.r.c.RepositoryConfigurationDelegate : Bootstrapping Spring Data Elasticsearch repositories in DEFAULT mode.
2021-11-03 18:45:00.187  INFO 3532 --- [main] .s.d.r.c.RepositoryConfigurationDelegate : Finished Spring Data repository scanning in 66 ms. Found 1 Elasticsearch repository interfaces.
2021-11-03 18:45:00.398  INFO 3532 --- [main] .s.d.r.c.RepositoryConfigurationDelegate : Bootstrapping Spring Data Reactive Elasticsearch repositories in DEFAULT mode.
2021-11-03 18:45:00.410  INFO 3532 --- [main] .s.d.r.c.RepositoryConfigurationDelegate : Finished Spring Data repository scanning in 11 ms. Found 0 Reactive Elasticsearch repository interfaces.
2021-11-03 18:45:01.182  INFO 3532 --- [main] o.s.b.w.embedded.tomcat.TomcatWebServer  : Tomcat initialized with port(s): 8081 (http)
2021-11-03 18:45:01.208  INFO 3532 --- [main] o.apache.catalina.core.StandardService   : Starting service [Tomcat]
2021-11-03 18:45:01.209  INFO 3532 --- [main] org.apache.catalina.core.StandardEngine  : Starting Servlet engine: [Apache Tomcat/9.0.53]
2021-11-03 18:45:01.597  INFO 3532 --- [main] o.a.c.c.C.[Tomcat].[localhost].[/]       : Initializing Spring embedded WebApplicationContext
2021-11-03 18:45:01.597  INFO 3532 --- [main] w.s.c.ServletWebServerApplicationContext : Root WebApplicationContext: initialization completed in 2148 ms
2021-11-03 18:45:02.244  WARN 3532 --- [main] o.s.data.convert.CustomConversions       : Registering converter from class org.springframework.data.geo.Point to interface java.util.Map as writing converter although it doesn't convert to a store-supported type! You might want to check your annotation setup at the converter implementation.
2021-11-03 18:45:02.245  WARN 3532 --- [main] o.s.data.convert.CustomConversions       : Registering converter from interface java.util.Map to class org.springframework.data.geo.Point as reading converter although it doesn't convert from a store-supported type! You might want to check your annotation setup at the converter implementation.
2021-11-03 18:45:02.246  WARN 3532 --- [main] o.s.data.convert.CustomConversions       : Registering converter from class org.springframework.data.elasticsearch.core.geo.GeoPoint to interface java.util.Map as writing converter although it doesn't convert to a store-supported type! You might want to check your annotation setup at the converter implementation.
2021-11-03 18:45:02.247  WARN 3532 --- [main] o.s.data.convert.CustomConversions       : Registering converter from interface java.util.Map to class org.springframework.data.elasticsearch.core.geo.GeoPoint as reading converter although it doesn't convert from a store-supported type! You might want to check your annotation setup at the converter implementation.
2021-11-03 18:45:02.260  WARN 3532 --- [main] o.s.data.convert.CustomConversions       : Registering converter from class org.springframework.data.geo.Point to interface java.util.Map as writing converter although it doesn't convert to a store-supported type! You might want to check your annotation setup at the converter implementation.
2021-11-03 18:45:02.262  WARN 3532 --- [main] o.s.data.convert.CustomConversions       : Registering converter from interface java.util.Map to class org.springframework.data.geo.Point as reading converter although it doesn't convert from a store-supported type! You might want to check your annotation setup at the converter implementation.
2021-11-03 18:45:02.263  WARN 3532 --- [main] o.s.data.convert.CustomConversions       : Registering converter from class org.springframework.data.elasticsearch.core.geo.GeoPoint to interface java.util.Map as writing converter although it doesn't convert to a store-supported type! You might want to check your annotation setup at the converter implementation.
2021-11-03 18:45:02.264  WARN 3532 --- [main] o.s.data.convert.CustomConversions       : Registering converter from interface java.util.Map to class org.springframework.data.elasticsearch.core.geo.GeoPoint as reading converter although it doesn't convert from a store-supported type! You might want to check your annotation setup at the converter implementation.
2021-11-03 18:45:02.370  WARN 3532 --- [main] org.elasticsearch.client.RestClient      : request [GET http://localhost:9200/] returned 1 warnings: [299 Elasticsearch-7.15.0-79d65f6e357953a5b3cbcc5e2c7c21073d89aa29 "Elasticsearch built-in security features are not enabled. Without authentication, your cluster could be accessible to anyone. See https://www.elastic.co/guide/en/elasticsearch/reference/7.15/security-minimal-setup.html to enable security."]
2021-11-03 18:45:02.413  INFO 3532 --- [main] o.s.d.elasticsearch.support.VersionInfo  : Version Spring Data Elasticsearch: 4.0.0.RELEASE
2021-11-03 18:45:02.415  INFO 3532 --- [main] o.s.d.elasticsearch.support.VersionInfo  : Version Elasticsearch Client in build: 7.6.2
2021-11-03 18:45:02.415  INFO 3532 --- [main] o.s.d.elasticsearch.support.VersionInfo  : Version Elasticsearch Client used: 7.12.1
2021-11-03 18:45:02.416  WARN 3532 --- [main] o.s.d.elasticsearch.support.VersionInfo  : Version mismatch in between Elasticsearch Clients build/use: 7.6.2 - 7.12.1
2021-11-03 18:45:02.417  INFO 3532 --- [main] o.s.d.elasticsearch.support.VersionInfo  : Version Elasticsearch cluster: 7.15.0
2021-11-03 18:45:02.417  WARN 3532 --- [main] o.s.d.elasticsearch.support.VersionInfo  : Version mismatch in between Elasticsearch Client and Cluster: 7.12.1 - 7.15.0
2021-11-03 18:45:02.997  INFO 3532 --- [main] o.s.b.w.embedded.tomcat.TomcatWebServer  : Tomcat started on port(s): 8081 (http) with context path ''
2021-11-03 18:45:03.011  INFO 3532 --- [main] com.su.daar.Daarprojet2Application       : Started Daarprojet2Application in 4.314 seconds (JVM running for 5.216)
2021-11-03 18:46:08.139  INFO 3532 --- [http-nio-8081-exec-2] o.a.c.c.C.[Tomcat].[localhost].[/]       : Initializing Spring DispatcherServlet 'dispatcherServlet'
2021-11-03 18:46:08.140  INFO 3532 --- [http-nio-8081-exec-2] o.s.web.servlet.DispatcherServlet        : Initializing Servlet 'dispatcherServlet'
2021-11-03 18:46:08.144  INFO 3532 --- [http-nio-8081-exec-2] o.s.web.servlet.DispatcherServlet        : Completed initialization in 3 ms
2021-11-03 18:46:08.579  INFO 3532 --- [http-nio-8081-exec-2] o.a.pdfbox.pdmodel.font.PDCIDFontType2   : OpenType Layout tables used in font ZYOSOT+Arial-BoldMT are not implemented in PDFBox and will be ignored
2021-11-03 18:46:08.613  INFO 3532 --- [http-nio-8081-exec-2] o.a.pdfbox.pdmodel.font.PDCIDFontType2   : OpenType Layout tables used in font PZOSOT+ArialMT are not implemented in PDFBox and will be ignored
2021-11-03 18:46:08.640  INFO 3532 --- [http-nio-8081-exec-2] o.a.pdfbox.pdmodel.font.PDCIDFontType2   : OpenType Layout tables used in font YYOSOT+Arial-ItalicMT are not implemented in PDFBox and will be ignored
2021-11-03 18:46:08.879  WARN 3532 --- [http-nio-8081-exec-2] org.elasticsearch.client.RestClient      : request [PUT http://localhost:9200/candidate/_doc/-852799133-420971899?timeout=1m] returned 1 warnings: [299 Elasticsearch-7.15.0-79d65f6e357953a5b3cbcc5e2c7c21073d89aa29 "Elasticsearch built-in security features are not enabled. Without authentication, your cluster could be accessible to anyone. See https://www.elastic.co/guide/en/elasticsearch/reference/7.15/security-minimal-setup.html to enable security."]
